Arguments: 
  C:\Program Files\nodejs\node.exe C:\Users\Vlastik\AppData\Roaming\npm\node_modules\yarn\bin\yarn.js start

PATH: 
  C:\Users\Vlastik\bin;C:\Program Files\Git\mingw64\bin;C:\Program Files\Git\usr\local\bin;C:\Program Files\Git\usr\bin;C:\Program Files\Git\usr\bin;C:\Program Files\Git\mingw64\bin;C:\Program Files\Git\usr\bin;C:\Users\Vlastik\bin;C:\Program Files (x86)\Common Files\Oracle\Java\javapath;C:\Program Files\ImageMagick-6.9.9-Q8;C:\Program Files\ImageMagick-7.0.7-Q16;C:\ProgramData\Oracle\Java\javapath;C:\Windows\system32;C:\Windows;C:\Windows\System32\Wbem;C:\Windows\System32\WindowsPowerShell\v1.0;C:\Program Files\Git\cmd;C:\Program Files\nodejs;C:\Program Files (x86)\NVIDIA Corporation\PhysX\Common;C:\WINDOWS\system32;C:\WINDOWS;C:\WINDOWS\System32\Wbem;C:\WINDOWS\System32\WindowsPowerShell\v1.0;C:\Program Files (x86)\Sudowin\Clients\Console;C:\WINDOWS\System32\OpenSSH;C:\Program Files\Microsoft VS Code\bin;C:\Ruby24-x64\bin;C:\Ruby25-x64\bin;C:\Users\Vlastik\AppData\Local\Microsoft\WindowsApps;C:\Users\Vlastik\AppData\Local\GitHubDesktop\bin;C:\Users\Vlastik\AppData\Roaming\npm;C:\Program Files\Heroku\bin;C:\Users\Vlastik\AppData\Local\Microsoft\WindowsApps;C:\Program Files\Microsoft VS Code\bin;C:\Program Files\Git\usr\bin\vendor_perl;C:\Program Files\Git\usr\bin\core_perl

Yarn version: 
  1.5.1

Node version: 
  8.9.4

Platform: 
  win32 x64

npm manifest: 
  {
    "name": "natours",
    "version": "1.0.0",
    "description": "Landing page for natours",
    "main": "index.js",
    "scripts": {
      "compile:sass": "node-sass sass/main.scss css/style.css -w"
    },
    "repository": {
      "type": "git",
      "url": "git+https://github.com/vlastikczech/Natours.git"
    },
    "author": "Vlastik",
    "license": "ISC",
    "bugs": {
      "url": "https://github.com/vlastikczech/Natours/issues"
    },
    "homepage": "https://github.com/vlastikczech/Natours#readme",
    "devDependencies": {
      "node-sass": "^4.9.2"
    }
  }

yarn manifest: 
  No manifest

Lockfile: 
  No lockfile

Trace: 
  Error: Command "start" not found.
      at new MessageError (C:\Users\Vlastik\AppData\Roaming\npm\node_modules\yarn\lib\cli.js:186:110)
      at C:\Users\Vlastik\AppData\Roaming\npm\node_modules\yarn\lib\cli.js:87307:17
      at Generator.next (<anonymous>)
      at step (C:\Users\Vlastik\AppData\Roaming\npm\node_modules\yarn\lib\cli.js:98:30)
      at C:\Users\Vlastik\AppData\Roaming\npm\node_modules\yarn\lib\cli.js:116:14
      at new Promise (<anonymous>)
      at new F (C:\Users\Vlastik\AppData\Roaming\npm\node_modules\yarn\lib\cli.js:23451:28)
      at C:\Users\Vlastik\AppData\Roaming\npm\node_modules\yarn\lib\cli.js:95:12
      at runCommand (C:\Users\Vlastik\AppData\Roaming\npm\node_modules\yarn\lib\cli.js:87312:22)
      at Object.<anonymous> (C:\Users\Vlastik\AppData\Roaming\npm\node_modules\yarn\lib\cli.js:87412:14)
